<?xml version="1.0" encoding="UTF-8"?>
<testsuite xmlns:xsi="http://www.w3.org/2001/XMLSchema-instance" xsi:noNamespaceSchemaLocation="https://maven.apache.org/surefire/maven-surefire-plugin/xsd/surefire-test-report-3.0.xsd" version="3.0" name="com.excelReuniones.excelReuniones.ExcelReunionesApplicationTests" time="4.068" tests="1" errors="0" skipped="0" failures="0">
  <properties>
    <property name="java.specification.version" value="19"/>
    <property name="sun.cpu.isalist" value="amd64"/>
    <property name="sun.jnu.encoding" value="Cp1252"/>
    <property name="java.class.path" value="C:\Users\Iker\eclipse-workspace\Excel_Reuniones\target\test-classes;C:\Users\Iker\eclipse-workspace\Excel_Reuniones\target\classes;C:\Users\Iker\.m2\repository\org\springframework\boot\spring-boot-starter-web\3.2.5\spring-boot-starter-web-3.2.5.jar;C:\Users\Iker\.m2\repository\org\springframework\boot\spring-boot-starter\3.2.5\spring-boot-starter-3.2.5.jar;C:\Users\Iker\.m2\repository\org\springframework\boot\spring-boot-starter-logging\3.2.5\spring-boot-starter-logging-3.2.5.jar;C:\Users\Iker\.m2\repository\ch\qos\logback\logback-classic\1.4.14\logback-classic-1.4.14.jar;C:\Users\Iker\.m2\repository\ch\qos\logback\logback-core\1.4.14\logback-core-1.4.14.jar;C:\Users\Iker\.m2\repository\org\apache\logging\log4j\log4j-to-slf4j\2.21.1\log4j-to-slf4j-2.21.1.jar;C:\Users\Iker\.m2\repository\org\apache\logging\log4j\log4j-api\2.21.1\log4j-api-2.21.1.jar;C:\Users\Iker\.m2\repository\org\slf4j\jul-to-slf4j\2.0.13\jul-to-slf4j-2.0.13.jar;C:\Users\Iker\.m2\repository\jakarta\annotation\jakarta.annotation-api\2.1.1\jakarta.annotation-api-2.1.1.jar;C:\Users\Iker\.m2\repository\org\yaml\snakeyaml\2.2\snakeyaml-2.2.jar;C:\Users\Iker\.m2\repository\org\springframework\boot\spring-boot-starter-json\3.2.5\spring-boot-starter-json-3.2.5.jar;C:\Users\Iker\.m2\repository\com\fasterxml\jackson\datatype\jackson-datatype-jdk8\2.15.4\jackson-datatype-jdk8-2.15.4.jar;C:\Users\Iker\.m2\repository\com\fasterxml\jackson\datatype\jackson-datatype-jsr310\2.15.4\jackson-datatype-jsr310-2.15.4.jar;C:\Users\Iker\.m2\repository\org\springframework\boot\spring-boot-starter-tomcat\3.2.5\spring-boot-starter-tomcat-3.2.5.jar;C:\Users\Iker\.m2\repository\org\apache\tomcat\embed\tomcat-embed-core\10.1.20\tomcat-embed-core-10.1.20.jar;C:\Users\Iker\.m2\repository\org\apache\tomcat\embed\tomcat-embed-el\10.1.20\tomcat-embed-el-10.1.20.jar;C:\Users\Iker\.m2\repository\org\apache\tomcat\embed\tomcat-embed-websocket\10.1.20\tomcat-embed-websocket-10.1.20.jar;C:\Users\Iker\.m2\repository\org\springframework\spring-web\6.1.6\spring-web-6.1.6.jar;C:\Users\Iker\.m2\repository\org\springframework\spring-beans\6.1.6\spring-beans-6.1.6.jar;C:\Users\Iker\.m2\repository\io\micrometer\micrometer-observation\1.12.5\micrometer-observation-1.12.5.jar;C:\Users\Iker\.m2\repository\io\micrometer\micrometer-commons\1.12.5\micrometer-commons-1.12.5.jar;C:\Users\Iker\.m2\repository\org\springframework\spring-webmvc\6.1.6\spring-webmvc-6.1.6.jar;C:\Users\Iker\.m2\repository\org\springframework\spring-aop\6.1.6\spring-aop-6.1.6.jar;C:\Users\Iker\.m2\repository\org\springframework\spring-context\6.1.6\spring-context-6.1.6.jar;C:\Users\Iker\.m2\repository\org\springframework\spring-expression\6.1.6\spring-expression-6.1.6.jar;C:\Users\Iker\.m2\repository\org\springframework\boot\spring-boot-devtools\3.2.5\spring-boot-devtools-3.2.5.jar;C:\Users\Iker\.m2\repository\org\springframework\boot\spring-boot\3.2.5\spring-boot-3.2.5.jar;C:\Users\Iker\.m2\repository\org\springframework\boot\spring-boot-autoconfigure\3.2.5\spring-boot-autoconfigure-3.2.5.jar;C:\Users\Iker\.m2\repository\org\springframework\boot\spring-boot-docker-compose\3.2.5\spring-boot-docker-compose-3.2.5.jar;C:\Users\Iker\.m2\repository\com\fasterxml\jackson\core\jackson-databind\2.15.4\jackson-databind-2.15.4.jar;C:\Users\Iker\.m2\repository\com\fasterxml\jackson\core\jackson-annotations\2.15.4\jackson-annotations-2.15.4.jar;C:\Users\Iker\.m2\repository\com\fasterxml\jackson\core\jackson-core\2.15.4\jackson-core-2.15.4.jar;C:\Users\Iker\.m2\repository\com\fasterxml\jackson\module\jackson-module-parameter-names\2.15.4\jackson-module-parameter-names-2.15.4.jar;C:\Users\Iker\.m2\repository\org\springframework\boot\spring-boot-starter-test\3.2.5\spring-boot-starter-test-3.2.5.jar;C:\Users\Iker\.m2\repository\org\springframework\boot\spring-boot-test\3.2.5\spring-boot-test-3.2.5.jar;C:\Users\Iker\.m2\repository\org\springframework\boot\spring-boot-test-autoconfigure\3.2.5\spring-boot-test-autoconfigure-3.2.5.jar;C:\Users\Iker\.m2\repository\com\jayway\jsonpath\json-path\2.9.0\json-path-2.9.0.jar;C:\Users\Iker\.m2\repository\org\slf4j\slf4j-api\2.0.13\slf4j-api-2.0.13.jar;C:\Users\Iker\.m2\repository\jakarta\xml\bind\jakarta.xml.bind-api\4.0.2\jakarta.xml.bind-api-4.0.2.jar;C:\Users\Iker\.m2\repository\jakarta\activation\jakarta.activation-api\2.1.3\jakarta.activation-api-2.1.3.jar;C:\Users\Iker\.m2\repository\net\minidev\json-smart\2.5.1\json-smart-2.5.1.jar;C:\Users\Iker\.m2\repository\net\minidev\accessors-smart\2.5.1\accessors-smart-2.5.1.jar;C:\Users\Iker\.m2\repository\org\ow2\asm\asm\9.6\asm-9.6.jar;C:\Users\Iker\.m2\repository\org\assertj\assertj-core\3.24.2\assertj-core-3.24.2.jar;C:\Users\Iker\.m2\repository\net\bytebuddy\byte-buddy\1.14.13\byte-buddy-1.14.13.jar;C:\Users\Iker\.m2\repository\org\awaitility\awaitility\4.2.1\awaitility-4.2.1.jar;C:\Users\Iker\.m2\repository\org\hamcrest\hamcrest\2.2\hamcrest-2.2.jar;C:\Users\Iker\.m2\repository\org\junit\jupiter\junit-jupiter\5.10.2\junit-jupiter-5.10.2.jar;C:\Users\Iker\.m2\repository\org\junit\jupiter\junit-jupiter-api\5.10.2\junit-jupiter-api-5.10.2.jar;C:\Users\Iker\.m2\repository\org\opentest4j\opentest4j\1.3.0\opentest4j-1.3.0.jar;C:\Users\Iker\.m2\repository\org\junit\platform\junit-platform-commons\1.10.2\junit-platform-commons-1.10.2.jar;C:\Users\Iker\.m2\repository\org\apiguardian\apiguardian-api\1.1.2\apiguardian-api-1.1.2.jar;C:\Users\Iker\.m2\repository\org\junit\jupiter\junit-jupiter-params\5.10.2\junit-jupiter-params-5.10.2.jar;C:\Users\Iker\.m2\repository\org\junit\jupiter\junit-jupiter-engine\5.10.2\junit-jupiter-engine-5.10.2.jar;C:\Users\Iker\.m2\repository\org\junit\platform\junit-platform-engine\1.10.2\junit-platform-engine-1.10.2.jar;C:\Users\Iker\.m2\repository\org\mockito\mockito-core\5.7.0\mockito-core-5.7.0.jar;C:\Users\Iker\.m2\repository\net\bytebuddy\byte-buddy-agent\1.14.13\byte-buddy-agent-1.14.13.jar;C:\Users\Iker\.m2\repository\org\objenesis\objenesis\3.3\objenesis-3.3.jar;C:\Users\Iker\.m2\repository\org\mockito\mockito-junit-jupiter\5.7.0\mockito-junit-jupiter-5.7.0.jar;C:\Users\Iker\.m2\repository\org\skyscreamer\jsonassert\1.5.1\jsonassert-1.5.1.jar;C:\Users\Iker\.m2\repository\com\vaadin\external\google\android-json\0.0.20131108.vaadin1\android-json-0.0.20131108.vaadin1.jar;C:\Users\Iker\.m2\repository\org\springframework\spring-core\6.1.6\spring-core-6.1.6.jar;C:\Users\Iker\.m2\repository\org\springframework\spring-jcl\6.1.6\spring-jcl-6.1.6.jar;C:\Users\Iker\.m2\repository\org\springframework\spring-test\6.1.6\spring-test-6.1.6.jar;C:\Users\Iker\.m2\repository\org\xmlunit\xmlunit-core\2.9.1\xmlunit-core-2.9.1.jar;C:\Users\Iker\.m2\repository\org\springframework\boot\spring-boot-testcontainers\3.2.5\spring-boot-testcontainers-3.2.5.jar;C:\Users\Iker\.m2\repository\org\testcontainers\testcontainers\1.19.7\testcontainers-1.19.7.jar;C:\Users\Iker\.m2\repository\junit\junit\4.13.2\junit-4.13.2.jar;C:\Users\Iker\.m2\repository\org\hamcrest\hamcrest-core\2.2\hamcrest-core-2.2.jar;C:\Users\Iker\.m2\repository\org\apache\commons\commons-compress\1.24.0\commons-compress-1.24.0.jar;C:\Users\Iker\.m2\repository\org\rnorth\duct-tape\duct-tape\1.0.8\duct-tape-1.0.8.jar;C:\Users\Iker\.m2\repository\org\jetbrains\annotations\17.0.0\annotations-17.0.0.jar;C:\Users\Iker\.m2\repository\com\github\docker-java\docker-java-api\3.3.6\docker-java-api-3.3.6.jar;C:\Users\Iker\.m2\repository\com\github\docker-java\docker-java-transport-zerodep\3.3.6\docker-java-transport-zerodep-3.3.6.jar;C:\Users\Iker\.m2\repository\com\github\docker-java\docker-java-transport\3.3.6\docker-java-transport-3.3.6.jar;C:\Users\Iker\.m2\repository\net\java\dev\jna\jna\5.13.0\jna-5.13.0.jar;C:\Users\Iker\.m2\repository\org\testcontainers\junit-jupiter\1.19.7\junit-jupiter-1.19.7.jar;C:\Users\Iker\.m2\repository\org\seleniumhq\selenium\selenium-java\4.18.1\selenium-java-4.18.1.jar;C:\Users\Iker\.m2\repository\org\seleniumhq\selenium\selenium-api\4.14.1\selenium-api-4.14.1.jar;C:\Users\Iker\.m2\repository\org\seleniumhq\selenium\selenium-chrome-driver\4.14.1\selenium-chrome-driver-4.14.1.jar;C:\Users\Iker\.m2\repository\com\google\auto\service\auto-service-annotations\1.1.1\auto-service-annotations-1.1.1.jar;C:\Users\Iker\.m2\repository\com\google\guava\guava\32.1.2-jre\guava-32.1.2-jre.jar;C:\Users\Iker\.m2\repository\com\google\guava\failureaccess\1.0.1\failureaccess-1.0.1.jar;C:\Users\Iker\.m2\repository\com\google\guava\listenablefuture\9999.0-empty-to-avoid-conflict-with-guava\listenablefuture-9999.0-empty-to-avoid-conflict-with-guava.jar;C:\Users\Iker\.m2\repository\com\google\code\findbugs\jsr305\3.0.2\jsr305-3.0.2.jar;C:\Users\Iker\.m2\repository\org\checkerframework\checker-qual\3.33.0\checker-qual-3.33.0.jar;C:\Users\Iker\.m2\repository\com\google\errorprone\error_prone_annotations\2.18.0\error_prone_annotations-2.18.0.jar;C:\Users\Iker\.m2\repository\com\google\j2objc\j2objc-annotations\2.8\j2objc-annotations-2.8.jar;C:\Users\Iker\.m2\repository\org\seleniumhq\selenium\selenium-chromium-driver\4.14.1\selenium-chromium-driver-4.14.1.jar;C:\Users\Iker\.m2\repository\org\seleniumhq\selenium\selenium-json\4.14.1\selenium-json-4.14.1.jar;C:\Users\Iker\.m2\repository\org\seleniumhq\selenium\selenium-manager\4.14.1\selenium-manager-4.14.1.jar;C:\Users\Iker\.m2\repository\org\seleniumhq\selenium\selenium-devtools-v120\4.18.1\selenium-devtools-v120-4.18.1.jar;C:\Users\Iker\.m2\repository\org\seleniumhq\selenium\selenium-devtools-v121\4.18.1\selenium-devtools-v121-4.18.1.jar;C:\Users\Iker\.m2\repository\org\seleniumhq\selenium\selenium-devtools-v122\4.18.1\selenium-devtools-v122-4.18.1.jar;C:\Users\Iker\.m2\repository\org\seleniumhq\selenium\selenium-devtools-v85\4.14.1\selenium-devtools-v85-4.14.1.jar;C:\Users\Iker\.m2\repository\org\seleniumhq\selenium\selenium-edge-driver\4.14.1\selenium-edge-driver-4.14.1.jar;C:\Users\Iker\.m2\repository\org\seleniumhq\selenium\selenium-firefox-driver\4.14.1\selenium-firefox-driver-4.14.1.jar;C:\Users\Iker\.m2\repository\org\seleniumhq\selenium\selenium-http\4.14.1\selenium-http-4.14.1.jar;C:\Users\Iker\.m2\repository\dev\failsafe\failsafe\3.3.2\failsafe-3.3.2.jar;C:\Users\Iker\.m2\repository\org\seleniumhq\selenium\selenium-ie-driver\4.14.1\selenium-ie-driver-4.14.1.jar;C:\Users\Iker\.m2\repository\org\seleniumhq\selenium\selenium-remote-driver\4.14.1\selenium-remote-driver-4.14.1.jar;C:\Users\Iker\.m2\repository\io\opentelemetry\opentelemetry-api\1.31.0\opentelemetry-api-1.31.0.jar;C:\Users\Iker\.m2\repository\io\opentelemetry\opentelemetry-context\1.31.0\opentelemetry-context-1.31.0.jar;C:\Users\Iker\.m2\repository\io\opentelemetry\opentelemetry-exporter-logging\1.31.0\opentelemetry-exporter-logging-1.31.0.jar;C:\Users\Iker\.m2\repository\io\opentelemetry\opentelemetry-sdk-common\1.31.0\opentelemetry-sdk-common-1.31.0.jar;C:\Users\Iker\.m2\repository\io\opentelemetry\opentelemetry-sdk-extension-autoconfigure-spi\1.31.0\opentelemetry-sdk-extension-autoconfigure-spi-1.31.0.jar;C:\Users\Iker\.m2\repository\io\opentelemetry\opentelemetry-sdk-extension-autoconfigure\1.31.0\opentelemetry-sdk-extension-autoconfigure-1.31.0.jar;C:\Users\Iker\.m2\repository\io\opentelemetry\opentelemetry-api-events\1.31.0-alpha\opentelemetry-api-events-1.31.0-alpha.jar;C:\Users\Iker\.m2\repository\io\opentelemetry\opentelemetry-sdk-trace\1.31.0\opentelemetry-sdk-trace-1.31.0.jar;C:\Users\Iker\.m2\repository\io\opentelemetry\opentelemetry-sdk\1.31.0\opentelemetry-sdk-1.31.0.jar;C:\Users\Iker\.m2\repository\io\opentelemetry\opentelemetry-sdk-metrics\1.31.0\opentelemetry-sdk-metrics-1.31.0.jar;C:\Users\Iker\.m2\repository\io\opentelemetry\opentelemetry-extension-incubator\1.31.0-alpha\opentelemetry-extension-incubator-1.31.0-alpha.jar;C:\Users\Iker\.m2\repository\io\opentelemetry\opentelemetry-sdk-logs\1.31.0\opentelemetry-sdk-logs-1.31.0.jar;C:\Users\Iker\.m2\repository\io\opentelemetry\opentelemetry-semconv\1.28.0-alpha\opentelemetry-semconv-1.28.0-alpha.jar;C:\Users\Iker\.m2\repository\org\seleniumhq\selenium\selenium-os\4.14.1\selenium-os-4.14.1.jar;C:\Users\Iker\.m2\repository\org\apache\commons\commons-exec\1.3\commons-exec-1.3.jar;C:\Users\Iker\.m2\repository\org\seleniumhq\selenium\selenium-safari-driver\4.14.1\selenium-safari-driver-4.14.1.jar;C:\Users\Iker\.m2\repository\org\seleniumhq\selenium\selenium-support\4.14.1\selenium-support-4.14.1.jar;"/>
    <property name="java.vm.vendor" value="Oracle Corporation"/>
    <property name="sun.arch.data.model" value="64"/>
    <property name="user.variant" value=""/>
    <property name="java.vendor.url" value="https://java.oracle.com/"/>
    <property name="user.timezone" value="Europe/Madrid"/>
    <property name="os.name" value="Windows 10"/>
    <property name="java.vm.specification.version" value="19"/>
    <property name="sun.java.launcher" value="SUN_STANDARD"/>
    <property name="user.country" value="ES"/>
    <property name="sun.boot.library.path" value="C:\Program Files\Java\jdk-19\bin"/>
    <property name="sun.java.command" value="C:\Users\Iker\AppData\Local\Temp\surefire5359617248519570885\surefirebooter-20240511203444193_3.jar C:\Users\Iker\AppData\Local\Temp\surefire5359617248519570885 2024-05-11T20-34-43_952-jvmRun1 surefire-20240511203444193_1tmp surefire_0-20240511203444193_2tmp"/>
    <property name="jdk.debug" value="release"/>
    <property name="surefire.test.class.path" value="C:\Users\Iker\eclipse-workspace\Excel_Reuniones\target\test-classes;C:\Users\Iker\eclipse-workspace\Excel_Reuniones\target\classes;C:\Users\Iker\.m2\repository\org\springframework\boot\spring-boot-starter-web\3.2.5\spring-boot-starter-web-3.2.5.jar;C:\Users\Iker\.m2\repository\org\springframework\boot\spring-boot-starter\3.2.5\spring-boot-starter-3.2.5.jar;C:\Users\Iker\.m2\repository\org\springframework\boot\spring-boot-starter-logging\3.2.5\spring-boot-starter-logging-3.2.5.jar;C:\Users\Iker\.m2\repository\ch\qos\logback\logback-classic\1.4.14\logback-classic-1.4.14.jar;C:\Users\Iker\.m2\repository\ch\qos\logback\logback-core\1.4.14\logback-core-1.4.14.jar;C:\Users\Iker\.m2\repository\org\apache\logging\log4j\log4j-to-slf4j\2.21.1\log4j-to-slf4j-2.21.1.jar;C:\Users\Iker\.m2\repository\org\apache\logging\log4j\log4j-api\2.21.1\log4j-api-2.21.1.jar;C:\Users\Iker\.m2\repository\org\slf4j\jul-to-slf4j\2.0.13\jul-to-slf4j-2.0.13.jar;C:\Users\Iker\.m2\repository\jakarta\annotation\jakarta.annotation-api\2.1.1\jakarta.annotation-api-2.1.1.jar;C:\Users\Iker\.m2\repository\org\yaml\snakeyaml\2.2\snakeyaml-2.2.jar;C:\Users\Iker\.m2\repository\org\springframework\boot\spring-boot-starter-json\3.2.5\spring-boot-starter-json-3.2.5.jar;C:\Users\Iker\.m2\repository\com\fasterxml\jackson\datatype\jackson-datatype-jdk8\2.15.4\jackson-datatype-jdk8-2.15.4.jar;C:\Users\Iker\.m2\repository\com\fasterxml\jackson\datatype\jackson-datatype-jsr310\2.15.4\jackson-datatype-jsr310-2.15.4.jar;C:\Users\Iker\.m2\repository\org\springframework\boot\spring-boot-starter-tomcat\3.2.5\spring-boot-starter-tomcat-3.2.5.jar;C:\Users\Iker\.m2\repository\org\apache\tomcat\embed\tomcat-embed-core\10.1.20\tomcat-embed-core-10.1.20.jar;C:\Users\Iker\.m2\repository\org\apache\tomcat\embed\tomcat-embed-el\10.1.20\tomcat-embed-el-10.1.20.jar;C:\Users\Iker\.m2\repository\org\apache\tomcat\embed\tomcat-embed-websocket\10.1.20\tomcat-embed-websocket-10.1.20.jar;C:\Users\Iker\.m2\repository\org\springframework\spring-web\6.1.6\spring-web-6.1.6.jar;C:\Users\Iker\.m2\repository\org\springframework\spring-beans\6.1.6\spring-beans-6.1.6.jar;C:\Users\Iker\.m2\repository\io\micrometer\micrometer-observation\1.12.5\micrometer-observation-1.12.5.jar;C:\Users\Iker\.m2\repository\io\micrometer\micrometer-commons\1.12.5\micrometer-commons-1.12.5.jar;C:\Users\Iker\.m2\repository\org\springframework\spring-webmvc\6.1.6\spring-webmvc-6.1.6.jar;C:\Users\Iker\.m2\repository\org\springframework\spring-aop\6.1.6\spring-aop-6.1.6.jar;C:\Users\Iker\.m2\repository\org\springframework\spring-context\6.1.6\spring-context-6.1.6.jar;C:\Users\Iker\.m2\repository\org\springframework\spring-expression\6.1.6\spring-expression-6.1.6.jar;C:\Users\Iker\.m2\repository\org\springframework\boot\spring-boot-devtools\3.2.5\spring-boot-devtools-3.2.5.jar;C:\Users\Iker\.m2\repository\org\springframework\boot\spring-boot\3.2.5\spring-boot-3.2.5.jar;C:\Users\Iker\.m2\repository\org\springframework\boot\spring-boot-autoconfigure\3.2.5\spring-boot-autoconfigure-3.2.5.jar;C:\Users\Iker\.m2\repository\org\springframework\boot\spring-boot-docker-compose\3.2.5\spring-boot-docker-compose-3.2.5.jar;C:\Users\Iker\.m2\repository\com\fasterxml\jackson\core\jackson-databind\2.15.4\jackson-databind-2.15.4.jar;C:\Users\Iker\.m2\repository\com\fasterxml\jackson\core\jackson-annotations\2.15.4\jackson-annotations-2.15.4.jar;C:\Users\Iker\.m2\repository\com\fasterxml\jackson\core\jackson-core\2.15.4\jackson-core-2.15.4.jar;C:\Users\Iker\.m2\repository\com\fasterxml\jackson\module\jackson-module-parameter-names\2.15.4\jackson-module-parameter-names-2.15.4.jar;C:\Users\Iker\.m2\repository\org\springframework\boot\spring-boot-starter-test\3.2.5\spring-boot-starter-test-3.2.5.jar;C:\Users\Iker\.m2\repository\org\springframework\boot\spring-boot-test\3.2.5\spring-boot-test-3.2.5.jar;C:\Users\Iker\.m2\repository\org\springframework\boot\spring-boot-test-autoconfigure\3.2.5\spring-boot-test-autoconfigure-3.2.5.jar;C:\Users\Iker\.m2\repository\com\jayway\jsonpath\json-path\2.9.0\json-path-2.9.0.jar;C:\Users\Iker\.m2\repository\org\slf4j\slf4j-api\2.0.13\slf4j-api-2.0.13.jar;C:\Users\Iker\.m2\repository\jakarta\xml\bind\jakarta.xml.bind-api\4.0.2\jakarta.xml.bind-api-4.0.2.jar;C:\Users\Iker\.m2\repository\jakarta\activation\jakarta.activation-api\2.1.3\jakarta.activation-api-2.1.3.jar;C:\Users\Iker\.m2\repository\net\minidev\json-smart\2.5.1\json-smart-2.5.1.jar;C:\Users\Iker\.m2\repository\net\minidev\accessors-smart\2.5.1\accessors-smart-2.5.1.jar;C:\Users\Iker\.m2\repository\org\ow2\asm\asm\9.6\asm-9.6.jar;C:\Users\Iker\.m2\repository\org\assertj\assertj-core\3.24.2\assertj-core-3.24.2.jar;C:\Users\Iker\.m2\repository\net\bytebuddy\byte-buddy\1.14.13\byte-buddy-1.14.13.jar;C:\Users\Iker\.m2\repository\org\awaitility\awaitility\4.2.1\awaitility-4.2.1.jar;C:\Users\Iker\.m2\repository\org\hamcrest\hamcrest\2.2\hamcrest-2.2.jar;C:\Users\Iker\.m2\repository\org\junit\jupiter\junit-jupiter\5.10.2\junit-jupiter-5.10.2.jar;C:\Users\Iker\.m2\repository\org\junit\jupiter\junit-jupiter-api\5.10.2\junit-jupiter-api-5.10.2.jar;C:\Users\Iker\.m2\repository\org\opentest4j\opentest4j\1.3.0\opentest4j-1.3.0.jar;C:\Users\Iker\.m2\repository\org\junit\platform\junit-platform-commons\1.10.2\junit-platform-commons-1.10.2.jar;C:\Users\Iker\.m2\repository\org\apiguardian\apiguardian-api\1.1.2\apiguardian-api-1.1.2.jar;C:\Users\Iker\.m2\repository\org\junit\jupiter\junit-jupiter-params\5.10.2\junit-jupiter-params-5.10.2.jar;C:\Users\Iker\.m2\repository\org\junit\jupiter\junit-jupiter-engine\5.10.2\junit-jupiter-engine-5.10.2.jar;C:\Users\Iker\.m2\repository\org\junit\platform\junit-platform-engine\1.10.2\junit-platform-engine-1.10.2.jar;C:\Users\Iker\.m2\repository\org\mockito\mockito-core\5.7.0\mockito-core-5.7.0.jar;C:\Users\Iker\.m2\repository\net\bytebuddy\byte-buddy-agent\1.14.13\byte-buddy-agent-1.14.13.jar;C:\Users\Iker\.m2\repository\org\objenesis\objenesis\3.3\objenesis-3.3.jar;C:\Users\Iker\.m2\repository\org\mockito\mockito-junit-jupiter\5.7.0\mockito-junit-jupiter-5.7.0.jar;C:\Users\Iker\.m2\repository\org\skyscreamer\jsonassert\1.5.1\jsonassert-1.5.1.jar;C:\Users\Iker\.m2\repository\com\vaadin\external\google\android-json\0.0.20131108.vaadin1\android-json-0.0.20131108.vaadin1.jar;C:\Users\Iker\.m2\repository\org\springframework\spring-core\6.1.6\spring-core-6.1.6.jar;C:\Users\Iker\.m2\repository\org\springframework\spring-jcl\6.1.6\spring-jcl-6.1.6.jar;C:\Users\Iker\.m2\repository\org\springframework\spring-test\6.1.6\spring-test-6.1.6.jar;C:\Users\Iker\.m2\repository\org\xmlunit\xmlunit-core\2.9.1\xmlunit-core-2.9.1.jar;C:\Users\Iker\.m2\repository\org\springframework\boot\spring-boot-testcontainers\3.2.5\spring-boot-testcontainers-3.2.5.jar;C:\Users\Iker\.m2\repository\org\testcontainers\testcontainers\1.19.7\testcontainers-1.19.7.jar;C:\Users\Iker\.m2\repository\junit\junit\4.13.2\junit-4.13.2.jar;C:\Users\Iker\.m2\repository\org\hamcrest\hamcrest-core\2.2\hamcrest-core-2.2.jar;C:\Users\Iker\.m2\repository\org\apache\commons\commons-compress\1.24.0\commons-compress-1.24.0.jar;C:\Users\Iker\.m2\repository\org\rnorth\duct-tape\duct-tape\1.0.8\duct-tape-1.0.8.jar;C:\Users\Iker\.m2\repository\org\jetbrains\annotations\17.0.0\annotations-17.0.0.jar;C:\Users\Iker\.m2\repository\com\github\docker-java\docker-java-api\3.3.6\docker-java-api-3.3.6.jar;C:\Users\Iker\.m2\repository\com\github\docker-java\docker-java-transport-zerodep\3.3.6\docker-java-transport-zerodep-3.3.6.jar;C:\Users\Iker\.m2\repository\com\github\docker-java\docker-java-transport\3.3.6\docker-java-transport-3.3.6.jar;C:\Users\Iker\.m2\repository\net\java\dev\jna\jna\5.13.0\jna-5.13.0.jar;C:\Users\Iker\.m2\repository\org\testcontainers\junit-jupiter\1.19.7\junit-jupiter-1.19.7.jar;C:\Users\Iker\.m2\repository\org\seleniumhq\selenium\selenium-java\4.18.1\selenium-java-4.18.1.jar;C:\Users\Iker\.m2\repository\org\seleniumhq\selenium\selenium-api\4.14.1\selenium-api-4.14.1.jar;C:\Users\Iker\.m2\repository\org\seleniumhq\selenium\selenium-chrome-driver\4.14.1\selenium-chrome-driver-4.14.1.jar;C:\Users\Iker\.m2\repository\com\google\auto\service\auto-service-annotations\1.1.1\auto-service-annotations-1.1.1.jar;C:\Users\Iker\.m2\repository\com\google\guava\guava\32.1.2-jre\guava-32.1.2-jre.jar;C:\Users\Iker\.m2\repository\com\google\guava\failureaccess\1.0.1\failureaccess-1.0.1.jar;C:\Users\Iker\.m2\repository\com\google\guava\listenablefuture\9999.0-empty-to-avoid-conflict-with-guava\listenablefuture-9999.0-empty-to-avoid-conflict-with-guava.jar;C:\Users\Iker\.m2\repository\com\google\code\findbugs\jsr305\3.0.2\jsr305-3.0.2.jar;C:\Users\Iker\.m2\repository\org\checkerframework\checker-qual\3.33.0\checker-qual-3.33.0.jar;C:\Users\Iker\.m2\repository\com\google\errorprone\error_prone_annotations\2.18.0\error_prone_annotations-2.18.0.jar;C:\Users\Iker\.m2\repository\com\google\j2objc\j2objc-annotations\2.8\j2objc-annotations-2.8.jar;C:\Users\Iker\.m2\repository\org\seleniumhq\selenium\selenium-chromium-driver\4.14.1\selenium-chromium-driver-4.14.1.jar;C:\Users\Iker\.m2\repository\org\seleniumhq\selenium\selenium-json\4.14.1\selenium-json-4.14.1.jar;C:\Users\Iker\.m2\repository\org\seleniumhq\selenium\selenium-manager\4.14.1\selenium-manager-4.14.1.jar;C:\Users\Iker\.m2\repository\org\seleniumhq\selenium\selenium-devtools-v120\4.18.1\selenium-devtools-v120-4.18.1.jar;C:\Users\Iker\.m2\repository\org\seleniumhq\selenium\selenium-devtools-v121\4.18.1\selenium-devtools-v121-4.18.1.jar;C:\Users\Iker\.m2\repository\org\seleniumhq\selenium\selenium-devtools-v122\4.18.1\selenium-devtools-v122-4.18.1.jar;C:\Users\Iker\.m2\repository\org\seleniumhq\selenium\selenium-devtools-v85\4.14.1\selenium-devtools-v85-4.14.1.jar;C:\Users\Iker\.m2\repository\org\seleniumhq\selenium\selenium-edge-driver\4.14.1\selenium-edge-driver-4.14.1.jar;C:\Users\Iker\.m2\repository\org\seleniumhq\selenium\selenium-firefox-driver\4.14.1\selenium-firefox-driver-4.14.1.jar;C:\Users\Iker\.m2\repository\org\seleniumhq\selenium\selenium-http\4.14.1\selenium-http-4.14.1.jar;C:\Users\Iker\.m2\repository\dev\failsafe\failsafe\3.3.2\failsafe-3.3.2.jar;C:\Users\Iker\.m2\repository\org\seleniumhq\selenium\selenium-ie-driver\4.14.1\selenium-ie-driver-4.14.1.jar;C:\Users\Iker\.m2\repository\org\seleniumhq\selenium\selenium-remote-driver\4.14.1\selenium-remote-driver-4.14.1.jar;C:\Users\Iker\.m2\repository\io\opentelemetry\opentelemetry-api\1.31.0\opentelemetry-api-1.31.0.jar;C:\Users\Iker\.m2\repository\io\opentelemetry\opentelemetry-context\1.31.0\opentelemetry-context-1.31.0.jar;C:\Users\Iker\.m2\repository\io\opentelemetry\opentelemetry-exporter-logging\1.31.0\opentelemetry-exporter-logging-1.31.0.jar;C:\Users\Iker\.m2\repository\io\opentelemetry\opentelemetry-sdk-common\1.31.0\opentelemetry-sdk-common-1.31.0.jar;C:\Users\Iker\.m2\repository\io\opentelemetry\opentelemetry-sdk-extension-autoconfigure-spi\1.31.0\opentelemetry-sdk-extension-autoconfigure-spi-1.31.0.jar;C:\Users\Iker\.m2\repository\io\opentelemetry\opentelemetry-sdk-extension-autoconfigure\1.31.0\opentelemetry-sdk-extension-autoconfigure-1.31.0.jar;C:\Users\Iker\.m2\repository\io\opentelemetry\opentelemetry-api-events\1.31.0-alpha\opentelemetry-api-events-1.31.0-alpha.jar;C:\Users\Iker\.m2\repository\io\opentelemetry\opentelemetry-sdk-trace\1.31.0\opentelemetry-sdk-trace-1.31.0.jar;C:\Users\Iker\.m2\repository\io\opentelemetry\opentelemetry-sdk\1.31.0\opentelemetry-sdk-1.31.0.jar;C:\Users\Iker\.m2\repository\io\opentelemetry\opentelemetry-sdk-metrics\1.31.0\opentelemetry-sdk-metrics-1.31.0.jar;C:\Users\Iker\.m2\repository\io\opentelemetry\opentelemetry-extension-incubator\1.31.0-alpha\opentelemetry-extension-incubator-1.31.0-alpha.jar;C:\Users\Iker\.m2\repository\io\opentelemetry\opentelemetry-sdk-logs\1.31.0\opentelemetry-sdk-logs-1.31.0.jar;C:\Users\Iker\.m2\repository\io\opentelemetry\opentelemetry-semconv\1.28.0-alpha\opentelemetry-semconv-1.28.0-alpha.jar;C:\Users\Iker\.m2\repository\org\seleniumhq\selenium\selenium-os\4.14.1\selenium-os-4.14.1.jar;C:\Users\Iker\.m2\repository\org\apache\commons\commons-exec\1.3\commons-exec-1.3.jar;C:\Users\Iker\.m2\repository\org\seleniumhq\selenium\selenium-safari-driver\4.14.1\selenium-safari-driver-4.14.1.jar;C:\Users\Iker\.m2\repository\org\seleniumhq\selenium\selenium-support\4.14.1\selenium-support-4.14.1.jar;"/>
    <property name="sun.cpu.endian" value="little"/>
    <property name="user.home" value="C:\Users\Iker"/>
    <property name="user.language" value="es"/>
    <property name="java.specification.vendor" value="Oracle Corporation"/>
    <property name="java.version.date" value="2022-10-18"/>
    <property name="java.home" value="C:\Program Files\Java\jdk-19"/>
    <property name="file.separator" value="\"/>
    <property name="basedir" value="C:\Users\Iker\eclipse-workspace\Excel_Reuniones"/>
    <property name="java.vm.compressedOopsMode" value="32-bit"/>
    <property name="line.separator" value="&#10;"/>
    <property name="java.vm.specification.vendor" value="Oracle Corporation"/>
    <property name="java.specification.name" value="Java Platform API Specification"/>
    <property name="FILE_LOG_CHARSET" value="UTF-8"/>
    <property name="java.awt.headless" value="true"/>
    <property name="surefire.real.class.path" value="C:\Users\Iker\AppData\Local\Temp\surefire5359617248519570885\surefirebooter-20240511203444193_3.jar"/>
    <property name="user.script" value=""/>
    <property name="sun.management.compiler" value="HotSpot 64-Bit Tiered Compilers"/>
    <property name="java.runtime.version" value="19.0.1+10-21"/>
    <property name="user.name" value="Iker"/>
    <property name="stdout.encoding" value="Cp1252"/>
    <property name="path.separator" value=";"/>
    <property name="os.version" value="10.0"/>
    <property name="java.runtime.name" value="Java(TM) SE Runtime Environment"/>
    <property name="file.encoding" value="UTF-8"/>
    <property name="java.vm.name" value="Java HotSpot(TM) 64-Bit Server VM"/>
    <property name="localRepository" value="C:\Users\Iker\.m2\repository"/>
    <property name="java.vendor.url.bug" value="https://bugreport.java.com/bugreport/"/>
    <property name="java.io.tmpdir" value="C:\Users\Iker\AppData\Local\Temp\"/>
    <property name="java.version" value="19.0.1"/>
    <property name="user.dir" value="C:\Users\Iker\eclipse-workspace\Excel_Reuniones"/>
    <property name="os.arch" value="amd64"/>
    <property name="java.vm.specification.name" value="Java Virtual Machine Specification"/>
    <property name="PID" value="7560"/>
    <property name="sun.os.patch.level" value=""/>
    <property name="CONSOLE_LOG_CHARSET" value="UTF-8"/>
    <property name="native.encoding" value="Cp1252"/>
    <property name="java.library.path" value="C:\Program Files\Java\jdk-19\bin;C:\Windows\Sun\Java\bin;C:\Windows\system32;C:\Windows;C:\Program Files (x86)\VMware\VMware Player\bin\;C:\Program Files\Common Files\Oracle\Java\javapath;C:\Windows\system32;C:\Windows;C:\Windows\System32\Wbem;C:\Windows\System32\WindowsPowerShell\v1.0\;C:\Windows\System32\OpenSSH\;C:\Program Files\Git\cmd;C:\Program Files\nodejs\;C:\Program Files\AutoFirma\AutoFirma;C:\Apache_maven\apache-maven-3.9.4\bin;;C:\Program Files\Docker\Docker\resources\bin;C:\Users\Iker\AppData\Local\Microsoft\WindowsApps;;C:\Users\Iker\AppData\Local\Programs\Microsoft VS Code\bin;C:\Users\Iker\AppData\Roaming\npm;."/>
    <property name="java.vm.info" value="mixed mode, sharing"/>
    <property name="stderr.encoding" value="Cp1252"/>
    <property name="java.vendor" value="Oracle Corporation"/>
    <property name="java.vm.version" value="19.0.1+10-21"/>
    <property name="sun.io.unicode.encoding" value="UnicodeLittle"/>
    <property name="java.class.version" value="63.0"/>
    <property name="LOGGED_APPLICATION_NAME" value="[excelReuniones] "/>
  </properties>
  <testcase name="contextLoads" classname="com.excelReuniones.excelReuniones.ExcelReunionesApplicationTests" time="1.147">
    <system-out><![CDATA[20:34:45.276 [main] INFO org.springframework.test.context.support.AnnotationConfigContextLoaderUtils -- Could not detect default configuration classes for test class [com.excelReuniones.excelReuniones.ExcelReunionesApplicationTests]: ExcelReunionesApplicationTests does not declare any static, non-private, non-final, nested classes annotated with @Configuration.
20:34:45.515 [main] INFO org.springframework.boot.test.context.SpringBootTestContextBootstrapper -- Found @SpringBootConfiguration com.excelReuniones.excelReuniones.ExcelReunionesApplication for test class com.excelReuniones.excelReuniones.ExcelReunionesApplicationTests
20:34:45.810 [main] INFO org.springframework.boot.devtools.restart.RestartApplicationListener -- Restart disabled due to context in which it is running

  .   ____          _            __ _ _
 /\\ / ___'_ __ _ _(_)_ __  __ _ \ \ \ \
( ( )\___ | '_ | '_| | '_ \/ _` | \ \ \ \
 \\/  ___)| |_)| | | | | || (_| |  ) ) ) )
  '  |____| .__|_| |_|_| |_\__, | / / / /
 =========|_|==============|___/=/_/_/_/
 :: Spring Boot ::                (v3.2.5)

2024-05-11T20:34:46.134+02:00  INFO 7560 --- [excelReuniones] [           main] c.e.e.ExcelReunionesApplicationTests     : Starting ExcelReunionesApplicationTests using Java 19.0.1 with PID 7560 (started by Iker in C:\Users\Iker\eclipse-workspace\Excel_Reuniones)
2024-05-11T20:34:46.136+02:00  INFO 7560 --- [excelReuniones] [           main] c.e.e.ExcelReunionesApplicationTests     : No active profile set, falling back to 1 default profile: "default"
2024-05-11T20:34:47.936+02:00  INFO 7560 --- [excelReuniones] [           main] c.e.e.ExcelReunionesApplicationTests     : Started ExcelReunionesApplicationTests in 2.141 seconds (process running for 3.605)
]]></system-out>
  </testcase>
</testsuite>